Запуск парсера...
Обработки категории "Собаки".
Обработка раздела "Корм сухой".
Обработка продукта "Наша Марка Корм для Собак Средних Пород Мясом Цыпленка и Овощами".
Обработка продукта "Наша Марка Корм для Собак Мелких Пород Мясом Цыпленка и Овощами".
Обработка продукта "Наша Марка Корм для Взрослых Собак с Лососем и Рисом".
Обработка продукта "WINNER MEAT Корм сухой полнорационный для взрослых собак мелких пород с нежной телятиной".
Обработка продукта "Наша Марка Корм для Собак Старше 7Лет".
Обработка продукта "Chappi Говядина По Домашнему".
Обработка продукта "Chappi Сытный Мясной Обед Мясное Изобилие".
Обработка продукта "Наша Марка сухой корм гипоаллергенный для щенков всех пород с ягненком и рисом".
Обработка продукта "Наша Марка сухой корм для взрослых активных и рабочих собак средних и крупных пород с телятиной".
Обработка продукта "Наша Марка Корм для Щенков Мелких и Средних Пород с Мясом Цыпленка и Рисом".
Обработка продукта "Четвероногий ГУРМАН каша рисовая (пакет)".
Обработка продукта "WINNER MEAT Корм сухой полнорационный для взрослых собак мелких пород из ароматной курочки".
Обработка продукта "Friskies сухой корм для взрослых собак, Мясо".
Обработка продукта "РОДНЫЕ КОРМА сухой корм для взрослых собак всех пород".
Обработка продукта "РОДНЫЕ КОРМА сухой корм для взрослых собак ГОВЯДИНА 22/10".
Обработка продукта "МИРАТОРГ Полнорационный сухой корм из ароматной курочки для щенков всех пород".
Обработка продукта "РОДНЫЕ КОРМА сухой корм для взрослых собак ягненок с рисом".
Обработка продукта "РОДНЫЕ КОРМА сухой корм для щенков".
Обработка продукта "Четвероногий ГУРМАН Моментальная каша для собак "Гурьевская"".
Обработка продукта "Четвероногий ГУРМАН Моментальная каша для собак "Богатырская"".
Обработка продукта "Четвероногий ГУРМАН Моментальная каша для собак "Княжеская"".
Обработка продукта "Четвероногий ГУРМАН Моментальная каша для собак "Былинная"".
Обработка продукта "Четвероногий ГУРМАН Моментальная каша для собак "Суворовская"".
Обработка продукта "Pedigree Сухой Корм для Взрослых Собак Всех Пород Говядина".
Обработка продукта "Четвероногий ГУРМАН гречка (пакет)".
Обработка продукта "Pedigree Педигри Сухой Корм для Взрослых Собак Мелких Пород Говядина".
Обработка продукта "Педигри сухой корм для щенков всех пород Курица".
Обработка продукта "МИРАТОРГ Полнорационный сухой корм с говядиной Black Angus для взрослых собак мелких пород старше 1 года".
Обработка продукта "Четвероногий ГУРМАН каша 4 злака (зеленый пакет)".
Обработка продукта "SMART DOG сухой корм для щенков с цыпленком".
Обработка продукта "Педигри сухой корм для взрослых собак мини пород Говядина".
Обработка продукта "МИРАТОРГ Полнорационный сухой корм c нежной телятиной для щенков крупных пород в возрасте от 3 до 18 месяцев".
Обработка продукта "Титбит корм сухой гипоаллергенный для собак всех пород Индейка с картофелем".
Обработка продукта "Blitz Сухой Корм для Собак Миниатюрных и Мелких пород".
Обработка продукта "1St Choice Puppy Medium & Large Breeds Корм для Щенков Средних и Крупных Пород".
Обработка продукта "Perfect Fit корм для щенков мелких и миниатюрных пород Курица".
Обработка продукта "1St Choice Adult Toy & Small Healthy Skin & Coat Корм для собак Декоративных и Мелких Пород с Ягненком".
Обработка продукта "BLITZ корм для собак мелких пород Ягненкок с рисом".
Обработка продукта "Blitz Сухой Корм для Щенков Всех Пород Ягненок и Рис".
Обработка продукта "TASTY Petfood Корм для собак с говядиной".
Обработка продукта "NATURE`S TABLE корм для взрослых собак мелких пород Курица с рисом".
Обработка продукта "Hills Puppy Small & Mini сухой для щенков мелких и миниатюрных пород Ягненок".
Обработка продукта "TASTY Petfood Корм для собак с Ягненком".
Обработка продукта "PURINA ONE "МИНИ Активная" сухой корм для собак Курица Рис".
Обработка продукта "PURINA ONE МИНИ Чувствительная сухой корм для Собак Лосось с рисом".
Обработка продукта "Hill's Science Plan Adult Small & Mini Chiken сухой корм для взрослых собак мелких и миниатюрных пород курица".
Обработка продукта "WINNER сухой корм для взрослых собак мелких пород курица".
Обработка продукта "Wildy Adult DOG Senior Сухой корм с курицей и рыбой для собак старше 7 лет".
Обработка продукта "Титбит корм сухой для собак мелких и средних пород ягненок с рисом".
Обработка продукта "EUKANUBA ADULT TOY BREED сухой корм для взрослых собак миниатюрных пород".
Обработка продукта "Титбит корм сухой для щенков мелких и средних пород ягненок с рисом".
Обработка продукта "Royal Canin X-Small Adult Корм для Собак Миниатюрных Размеров от 10 Месяцев до 8 Лет".
Обработка продукта "Wildy Adult Dog Delicate Сухой корм с индейкой  для собак с чувствительным пищеварением".
Обработка продукта "Pedigree Сухой Корм для Взрослых Собак Мини Пород Говядина".
Обработка продукта "PURINA ONE для щенков средних и крупных пород Курица Рис".
Обработка продукта "Трапеза Оптималь корм для взрослых собак, содержащихся в городских условиях".
Обработка продукта "ALPHAPET WOW SUPERPREMIUM сухой корм для взрослых собак мелких пород с индейкой и рисом".
Обработка продукта "BLITZ Holistic сухой корм для собак малозерновой Свежая Утка".
Обработка продукта "BLITZ Holistic сухой корм для собак малозерновой Свежий Ягненок".
Обработка продукта "BLITZ ADULT низкозерновой корм для взрослых собак мелких пород Свежий Ягненок".
Обработка продукта "Royal Canin X-Small Puppy Корм для Щенков Миниатюрных Размеров".
Обработка продукта "Трапеза Био корм для взрослых собак с нормальной активностью".
Обработка продукта "BLITZ Holistic сухой корм для собак малозерновой Свежая Форель".
Обработка продукта "Royal Canin Pug Adut Корм для Собак Породы Мопс от 10 Месяцев".
Обработка продукта "Royal Canin Chihuahua Adult Корм для Собак Породы Чихуахуа Старше 8 Месяцев".
Обработка продукта "ROYAL CANIN POMERANIAN ADULT сухой корм для собак породы померанский шпиц ввозрасте от 8 месяцев".
Обработка продукта "Royal Canin Yorkshire Terrier Adult Корм для Собак Породы Йоркширский Терьер от 10 Месяцев".
Обработка продукта "Оскар сухой корм для собак Средних и Мелких пород".
Обработка продукта "ZILLII Adult Dog Small Breed Сухой корм для взрослых собак мелких пород Индейка с Уткой".
Обработка продукта "Оскар сухой корм для собак Крупных пород".
Обработка продукта "NATURE`S TABLE корм для взрослых собак Индейка с овощами".
Обработка продукта "ROYAL CANIN Мини Индор Эдалт корм для собак мелких пород живущих в помещении".
Обработка продукта "ZILLII Adult Dog Сухой корм для взрослых собак Индейка с Ягнёнком".
Обработка продукта "ZILLII Adult Dog Small Breed Сухой корм длявзрослых собак мелких пород Индейка с Ягнёнком".
Обработка продукта "ZILLII Puppy Сухой корм для щенков Индейка с Ягнёнком".
Обработка продукта "Трапеза Прима корм для взрослых собак с высокой активностью".
Обработка продукта "Оскар сухой корм для ЩЕНКОВ".
Обработка продукта "ROYAL CANIN Puppy Yorkshire Terrier корм для щенков породы йоркширский терьер в возрасте до 10 месяцев".
Обработка продукта "ROYAL CANIN YORKSHIRE TERRIER ADULT 8+ сухой корм для собак породы йоркширский терьер в возрасте от 8 лет".
Обработка продукта "ROYAL CANIN SHIH TZU PUPPY сухой корм для щенков породы ши-тцу в возрасте до 10 месяцев".
Обработка продукта "Royal Canin Chihuahua Junior Корм для Щенков Породы Чихуахуа в Возрасте от 2 до 8 Месяцев".
Обработка продукта "Perfect Fit корм для собак мелких и миниатюрных пород Курица".
Обработка продукта "BLITZ Holistic сухой корм для собак беззерновой Говядина и Белая рыба".
Обработка продукта "Mr.Buffalo B125 ADULT MINI сухой корм для собак мелких пород с курицей".
Обработка продукта "Четвероногий Гурман Каша Гречка".
Обработка продукта "Wildy Adult Dog Grain Free Сухой корм с белой рыбой для собак".
Обработка продукта "CLAN CLASSIC Puppy сухой корм для Щенков мелких пород Индейка".
Обработка продукта "CLAN CLASSIC Puppy сухой корм для Щенков крупных и средних пород Индейка".
Обработка продукта "CLAN CLASSIC Active сухой корм для активных собак крупных и средних пород Говядина/Индейка".
Обработка продукта "CLAN CLASSIC Sensitive сухой корм для собак мелких пород Утка с бурым рисом".
Обработка продукта "CLAN CLASSIC Sensitive сухой корм для собак крупных и средних пород Утка с бурым рисом".
Обработка продукта "CLAN CLASSIC Active сухой Корм для активных собак мелких пород говядина /индейка".
Обработка продукта "CLAN CLASSIC Hypoallergenic сухой Корм для собак крупных и средних ягненок/индейка/бурый рис".
Обработка продукта "NUTRO Корм сухой для взрослых собак мелких пород со свежей Курицей и экстрактом Розмарина".
Обработка продукта "ZILLII Adult Dog Сухой корм для взрослых собак Белая Рыба с Лососем".
Обработка продукта "Pro Plan Small & Mini Adult сухой корм для собак мелких и карликовых пород 1 - 10 кг Курица".
Обработка продукта "Wildy Puppy Grain Free Сухой корм с белой рыбой для щенков".
Обработка продукта "ALL PUPPIES Корм для щенков с курицей".
Обработка продукта "ALPHAPET SUPERPREMIUM сухой корм для взрослых собак мелких пород с индейкой и рисом".
Обработка продукта "Mr.Buffalo PUPPY & JUNIOR сухой корм для щенков и юниоров с курицей".
Обработка продукта "Mr.Buffalo B125 ADULT MINI сухой корм для собак мелких пород с Ягненком".
Обработка продукта "Mr.Buffalo B135 HAIR & SKIN CARE сухой корм для собак средних и крупных пород с лососем".
Обработка продукта "CIBAU Puppy Medium корм для щенков средних пород".
Обработка продукта "Четвероногий Гурман Каша Гречка с морковью".
Обработка продукта "ALPHAPET SUPERPREMIUM сухой корм для взрослых собак мелких пород с чувствительным пищеварением с ягненком и рисом".
Обработка продукта "PRO PLAN Puppy Small & Mini Sensitive Skin сухой корм для щенков мелких и карликовых пород 1 - 10 кг с чувствительной кожей Лосось".
Обработка продукта "PRO PLAN Puppy Small & Mini сухой корм для щенков мелких и карликовых пород 1 - 10 кг Курица".
Обработка продукта "BLITZ Holistic сухой корм для собак мелких пород беззерновой Ягненок и Лосось".
Обработка продукта "PRO PLAN Adult Small & Mini Sensitive Skin сухой корм для собак мелких и карликовых пород 1 - 10 кг с чувствительной кожей Лосось".
Обработка продукта "PRO PLAN Adult Small & Mini Sensitive Digestion сухой корм для взрослых собак мелких и карликовых пород с чувствительным пищеварением с ягненком и рисом".
Обработка продукта "PRO PLAN Adult 9+ Small & Mini сухой корм для собак старше 9 лет мелких и карликовых пород 1 - 10 кг Курица".
Обработка продукта "Pro Plan Duo Delice Сухой Корм для Собак Мелких и Карликовых Пород Говядина с Рисом".
Обработка продукта "ALPHAPET SUPERPREMIUM сухой корм для щенков, беременных и кормящих собак мелких пород с ягненком и индейкой".
Обработка продукта "Blitz Holistic Puppy сухой корм для Щенков беззерновой Индейка и Утка".
Обработка продукта "Зоогурман Gourmet сухой корм для собак мелких и средних пород Индейка".
Обработка продукта "Зоогурман Urban Life сухой корм для собак малых и средних пород Индейка".
Обработка продукта "BROOKSFIELD Adult Dog All Breeds Beef Сухой корм для взрослых собак Говядина/рис".
Обработка продукта "CIBAU Sensitive Lamb корм для взрослых собак Мини с Ягненком".
Обработка продукта "FARMINA CIBAU ADULT для собак мини".
Обработка продукта "Royal Canin Mini Adult Корм для Взрослых Собак Мелких Пород с 10 Месяцев до 8 Лет".
Обработка продукта "PRO PLAN Nature Elements Adult сухой корм для собак мелких пород Лосось".
Обработка продукта "BROOKSFIELD Puppy Сухой корм для щенков Говядина/рис".
Обработка продукта "PURINA ONE МИНИ Здоровый вес сухой корм для Собак Индейка с рисом".
Обработка продукта "ДОГ ЛАНЧ Премиум Корм сухой корм для собак средних и крупных пород Мясное ассорти".
Обработка продукта "PRIMORDIAL Беззерновой Корм для щенков курица рыба".
Обработка продукта "PRIMORDIAL Беззерновой Корм для собак форель утка".
Обработка продукта "PRIMORDIAL Беззерновой Корм для собак тунец ягненок".
Обработка продукта "PRIMORDIAL Беззерновой Корм для собак буйвол макрель".
Обработка продукта "PRIMORDIAL Беззерновой Корм для собак оленина индейка".
Обработка продукта "PRIMORDIAL Беззерновой Корм для собак мелких пород форель утка".
Обработка продукта "РОДНЫЕ КОРМА сухой корм для взрослых собак крупных пород".
Обработка продукта "PRO PLAN Grain Free Adult Small & Mini Sensitive Digestion беззерновой cухой корм для собак мелких и карликовых пород с чувствительным пищеварением Индейка".
Обработка продукта "BROOKSFIELD Adult Dog Small Breed Сухой корм для взрослых собак мелких пород Ягнёнок/рис".
Обработка продукта "Наша Марка Корм для Взрослых Собак с Ягненком и Рисом".
Обработка продукта "Зоогурман Supreme сухой корм для собак малых и средних пород Телятина".
Обработка продукта "ДОГ ЛАНЧ Премиум Корм сухой корм для собак средних и крупных пород с Индейкой".
Обработка продукта "ДОГ ЛАНЧ Премиум Корм сухой корм для собак средних и крупных пород с Индейкой и рисом".
Обработка продукта "CIBAU Sensitive Fish корм для взрослых собак Мини с Рыбой".
Обработка продукта "GRAND PRIX сухой корм для собак мелких пород с Курицей".
Обработка продукта "GRAND PRIX сухой корм для собак мелких и миниатюрных пород Ягненок".
Обработка продукта "Зоогурман Active Life сухой корм для собак малых и средних пород Телятина".
Обработка продукта "ДОГ ЛАНЧ Премиум Корм сухой корм для собак средних и крупных пород с Говядиной".
Обработка продукта "ДОГ ЛАНЧ Премиум Корм сухой корм для собак средних и крупных пород с Говядиной и рисом".
Обработка продукта "ДОГ ЛАНЧ Премиум Корм сухой корм для собак средних и крупных пород с Лососем".
Обработка продукта "SMART DOG сухой корм для взрослых собак крупных пород с курицей".
Обработка продукта "Pedigree Педигри Сухой Корм для Щенков Всех Пород Курица".
Обработка продукта "Зоогурман Sensitive сухой корм для собак малых и средних пород Ягненок с рисом".
Обработка продукта "Perfect Fit корм для собак средних и крупных пород Курица".
Обработка продукта "Royal Canin Mini Puppy Корм для Щенков Мелких Пород 2 до 10 Месяцев".
Обработка продукта "ДОГ ЛАНЧ Премиум Корм сухой корм для собак средних и крупных пород с Ягненком и рисом".
Обработка продукта "РОДНЫЕ КОРМА сухой корм для взрослых собак с высокой активностью".
Обработка продукта "GRAND PRIX сухой корм для щенков мелких пород с Курицей".
Обработка продукта "ДОГ ЛАНЧ Премиум Корм сухой корм для щенков средних и крупных пород с Индейкой".
Обработка продукта "GRAND PRIX сухой корм для щенков мелких и миниатюрных пород Ягненок".
Обработка продукта "SMART DOG сухой корм для взрослых собак с лососем и рисом".
Обработка продукта "BROOKSFIELD Adult Dog All Breeds Lamb Сухой корм для взрослых собак Ягнёнок/рис".
Обработка продукта "ALPHAPET WOW SUPERPREMIUM сухой корм для взрослых собак мелких пород с чувствительным пищеварением с ягненком и бурым рисом".
Обработка продукта "Наша Марка Корм для Щенков Крупных Пород с Мясом Цыпленка и Рисом".
Обработка продукта "SMART DOG сухой корм для взрослых собак крупных пород с ягненком".
Обработка продукта "SIRIUS сухой корм для взрослых собак ягненок и рис".
Обработка продукта "SIRIUS сухой корм для взрослых собак, Говядина с овощами".
Обработка продукта "SIRIUS сухой корм для взрослых собак мясной рацион".
Обработка продукта "SIRIUS сухой корм для взрослых собак малых пород говядина".
Обработка продукта "SIRIUS сухой корм для взрослых собак малых пород индейка".
Обработка продукта "SIRIUS сухой корм для собак средних пород индейка и утка с овощами".
Обработка продукта "SIRIUS сухой корм для взрослых собак крупных пород индейка с овощами".
Обработка продукта "МИРАТОРГ Полнорационный сухой корм с говядиной Black Angus для взрослых собак крупных пород старше 1 года".
Обработка продукта "Hill`s Science Plan Puppy Medium Lamb сухой корм для щенков средних пород для поддержания здорового развития ягненок и рис".
Обработка продукта "SIRIUS сухой корм для собак с повышенной активностью 3 мяса с овощами".
Обработка продукта "Bosch Dog Adult Fish & Potato корм для собак Лосось с картофелем".
Обработка продукта "Четвероногий Гурман Каша 4 Злака с Овощами".
Обработка продукта "Happy Dog Мини Ирландия Корм для Собак до 10Кг".
Обработка продукта "KARMY Стартер сухой корм для щенков, беременных и кормящих сук Индейка".
Обработка продукта "KARMY Медиум Юниор сухой корм для щенков средних пород Индейка".
Обработка продукта "SIRIUS сухой корм для щенков и молодых собак ягненок и рис".
Обработка продукта "KARMY Макси Юниор сухой корм для щенков крупных пород Индейка".
Обработка продукта "Morando Professional Cane Сухой корм для взрослых мелких пород собак PRO LINE с курицей".
Обработка продукта "Morando Professional Cane Сухой корм для взрослых мелких пород собак PRO VITAL с говядиной".
Обработка продукта "BLITZ сухой корм для взрослых собак Курица/рис".
Обработка продукта "Royal Canin Mini Starter Корм для Щенков Мелких Пород до 2 Месяцев".
Обработка продукта "KARMY Мини Юниор сухой корм для щенков мелких пород Индейка".
Обработка продукта "Четвероногий Гурман Каша 4 Злака с морковкой".
Обработка продукта "Blitz Сухой Корм для взрослых Собак Индейка и Ячмень".
Обработка продукта "WINNER Корм сухой полнорационный для собак Крупных пород из Говядины".
Обработка продукта "Blitz Сухой Корм для Собак Крупных и Гигантских Пород".
Обработка продукта "ALPHAPET SUPERPREMIUM сухой корм для щенков, беременных и кормящих собак средних пород с говядиной и рисом".
Обработка продукта "Trainer Natural Small & Toy Сухой корм взрослых собак мелких и миниатюрных пород с курицей, рисом и алоэ вера".
Обработка продукта "BLITZ PUPPY LARGE & GIANT корм для щенков крупных пород".
Обработка продукта "Bosch Dog Adult Mini Lamb & Rice корм для собак мелких пород с Ягненком и рисом".
Обработка продукта "Титбит корм сухой для собак крупных пород ягненок с рисом".
Обработка продукта "ROYAL CANIN Mini Exigent Корм для собак мелких пород привередливых в питании".
Обработка продукта "ROYAL CANIN Mini Digestive Care Корм для собак мелких пород с чувствительным пищеварением".
Обработка продукта "ROYAL CANIN Mini Coat Care Корм для собак мелких пород с тусклой и сухой шерстью".
Обработка продукта "ROYAL CANIN Mini Urinary Care Корм для собак мелких пород с мочекаменной болезнью".
Обработка продукта "ROYAL CANIN Mini Dental Корм для собак мелких пород с повышенной чувствительностью зубов".
Обработка продукта "ROYAL CANIN Mini Dental Корм для собак мелких пород с повышенной чувствительностью зубов".
Обработка продукта "ROYAL CANIN Mini Relax Care Корм для собак мелких пород подвержанных стрессовым факторам".
Обработка продукта "ROYAL CANIN MINI DERMACOMFORT корм для собак мелких пород с раздраженной и зудящей кожей".
Обработка продукта "Bosch Junior Medium корм для щенков средних пород".
Обработка продукта "Bocsh Mini Junior корм для Щенков маленьких пород весом до 15кг".
Обработка продукта "WINNER сухой корм для взрослых собак крупных пород курица".
Обработка продукта "Четвероногий Гурман Каша Рис с Морковью".
Обработка продукта "EUKANUBA BREED SPECIFIC YORKSHIRE TERRIER ADULT сухой корм для взрослых собак породы Йоркширский Терьер".
Обработка продукта "MEGLIUM ADULT Корм для взрослых собак".
Обработка продукта "Bosch Junior Lamb & Rice корм для Щенков с Ягненком и рисом".
Обработка продукта "PRO PLAN Adult Medium Sensitive Digestion сухой корм для взрослых собак средних пород с чувствительным пищеварением с ягненком и рисом".
Обработка продукта "Blitz Сухой Корм для Взрослых Собак Ягненок и Рис".
Обработка продукта "PRO PLAN Puppy Medium Sensitive Digestion сухой корм для щенков средних пород с чувствительным пищеварением с ягненком и рисом".
Обработка продукта "PRO PLAN Puppy Medium сухой корм для щенков средних пород 10 - 25 кг Курица".
Обработка продукта "Титбит корм сухой для щенков крупных пород ягненок с рисом".
Обработка продукта "Blitz Сухой Корм для Взрослых Собак Ягненок и Рис".
Обработка продукта "PRO PLAN Puppy Medium Sensitive Digestion сухой корм для щенков средних пород с чувствительным пищеварением с ягненком и рисом".
Обработка продукта "PRO PLAN Puppy Medium сухой корм для щенков средних пород 10 - 25 кг Курица".
Обработка продукта "Титбит корм сухой для щенков крупных пород ягненок с рисом".
Обработка продукта "Organix Adult Dog Lamb Сухой корм для собак с ягненком и рисом".
Обработка продукта "Pronature Original сухой корм для щенков всех пород курица,овес".
Обработка продукта "Pronature Original сухой корм для собак всех пород, курица,овес".
Обработка продукта "BEST DINNER ADULT SENSIBLE MINI LAMB & TOMATOES сухой корм для собак мелких пород с ягнёнком и томатами".
Обработка продукта "ProBalance Imunno Корм для собак крупных пород".
Обработка продукта "Wildy Adult DOG Energy Сухой корм с курицей для активных собак".
Обработка продукта "Зоогурман Daily Life сухой корм для собак средних и крупных пород Индейка".
Обработка продукта "MEGLIUM SPORT Корм для активных собак".
Обработка продукта "NATURE`S TABLE корм для взрослых собак Курица с рисом".
Обработка продукта "Best Dinner Sensible Корм сухой для собак мелких пород с Телятиной и тыквой".
Обработка продукта "МИРАТОРГ Полнорационный сухой корм с говядиной Black Angus для взрослых собак средних пород старше 1 года".
Обработка продукта "МИРАТОРГ Полнорационный сухой корм с говядиной Black Angus для взрослых собак средних пород старше 1 года".
Обработка продукта "MEGLIUM ADULT GOLD Корм для взрослых собак".
Обработка продукта "CRAVE Корм сухой для взрослых собак Говядина и Ягненок".
Обработка продукта "CRAVE Корм сухой для взрослых собак Курица и Индейка".
Обработка продукта "Педигри Мультипак Набор корм сухой корм для взрослых собак с говядиной 2,2кг + корм консервы 21шт х 85г".
Обработка продукта "Pronature Оригинал сухой корм для собак Ягненок, ячмень, горох".
Обработка продукта "Mr.Buffalo B129 ADULT M/L сухой корм для собак средних и крупных пород с курицей".
Обработка продукта "Farmina N&D LG Корм для Щенков, Беременных и Кормящих Сук Мелких и Карликовых Пород Курица с Гранатом".
Обработка продукта "Farmina N&D LG Корм для Собак Мелких и Карликовых Пород Ягненок с Черникой".
Обработка продукта "Farmina N&D LG Корм для Собак Мелких и Карликовых Пород Курица с Гранатом".
Обработка продукта "FARMINA N&D LG Puppy Mini низкозерновой корм для щенков ягненок с черникой".
Обработка продукта "Farmina N&D LG Корм для Щенков, Беременных и Кормящих Сук Всех Пород Курица с Гранатом".
Обработка продукта "ProBalance Hypoallergenic Корм для собак".
Обработка продукта "ProBalance Imunno Корм для щенков малых и средних пород".
Обработка продукта "Best Dinner Sensible Корм сухой для Щенков и беременных и кормящих собак с Ягненком и ягодами".
Обработка продукта "Педигри Мультипак Набор корм сухой для взрослых собак маленьких пород с говядиной 2,2кг + корм консервы 21шт х 85г".
Обработка продукта "MEGLIUM SENSIBLE Корм для взрослых собак с чувствительным пищеварением Ягненок Рис".
Обработка продукта "MEGLIUM SPORT GOLD Корм для активных собак".
Обработка продукта "Зоогурман Active Life сухой корм для собак средних и крупных пород Индейка".
Обработка продукта "FARMINA N&D Adult Mini корм для взрослых собак ягненок с черникой и тыквой".
Обработка продукта "FARMINA N&D Ocean Adult Mini Godfish Pumpkin & Orange корм для собак мелких пород треска с тыквой и апельсином".
Обработка продукта "FARMINA N&D Ocean Dog Herring & Orange Adult Mini сухой беззерновой корм для взрослых собак мелких пород сельдь с апельсином".
Обработка продукта "FARMINA N&D Adult Mini корм для взрослых собак курица с гранатом и тыквой".
Обработка продукта "FARMINA N&D Adult Mini корм для взрослых собак кабан с яблоком и тыквой".
Обработка продукта "FARMINA N&D Puppy Mini корм для щенков ягненок с черникой и тыквой".
Обработка продукта "FARMINA N&D OCEAN корм для собак мелких пород Треска, Спельта, Овес и Апельсин".
Обработка продукта "Royal Canin Shih Tzu Adult Корм для Собак Породы Ши-Тцу в Возрасте с 10 Месяцев".
Обработка продукта "Royal Canin Dachshund Adult Корм для Взрослых Такс".
Обработка продукта "NUTRO Корм сухой для взрослых собак средних пород со свежей Курицей и экстрактом Розмарина".
Обработка продукта "Mr.Buffalo PUPPY & JUNIOR сухой корм для щенков и юниоров с индейкой".
Обработка продукта "Mr.Buffalo B131 ADULT M/L SENSITIVE сухой корм для собак средних и крупных пород с индейкой".
Обработка продукта "Mr.Buffalo B131 ADULT M/L SENSITIVE сухой корм для собак средних и крупных пород с ягненком".
Обработка продукта "Farmina N&D Беззерновой Корм для Щенков Мелких и Средних Пород Курица с Гранатом".
Обработка продукта "ДЖИНА DOG LAMB&RICE Корм сухой для аллергичных собак Ягненок с Рисом".
Обработка продукта "Зоогурман Sensitive сухой корм для собак средних и крупных пород Ягненок с рисом".
Обработка продукта "NATURE’S PROTECTION LIFES TYLE Junior Salmon Krill корм сухой для щенков беззерновой лосось криль".
Обработка продукта "Morando Professional Cane Сухой корм для взрослых собак с овощами".
Обработка продукта "Morando Professional Cane Сухой корм для взрослых собак с говядиной".
Обработка продукта "COUNTRY FARMS классический сухой корм полнорационный для взрослых собак с высоким содержанием курицы".
Обработка продукта "ROYAL CANIN DACHSHUND PUPPY сухой корм для щенков породы Такса до 10 месяцев".
Обработка продукта "Royal Canin Yorkshire Terrier Junior Корм для Щенков Йоркширских Терьеров и Щенков Мелких Пород от 2 до 10 Мес".
Обработка продукта "Almo Nature Holistic Корм Сухой для Собак Малых Пород с Ягненком".
Обработка продукта "Almo Nature Holistic Корм Сухой для Собак Малых Пород с Лососем".
Обработка продукта "Almo Nature Holistic Корм Сухой для Собак Средних Пород с Лососем".
Обработка продукта "Зоогурман сухой корм для щенков, беременных и кормящих собак средних и крупных пород Телятина".
Обработка продукта "PRO PLAN Nature Elements Adult сухой корм для собак средних и крупных пород Лосось".
Обработка продукта "BOZITA GRAIN FREE Reindeer 30/20 БЕЗЗЕРНОВОЕ питание для взрослых собак c нормальным и повышенным уровнем активности, с мясом оленя".
Обработка продукта "BOZITA GRAIN FREE Elk 26/16 БЕЗЗЕРНОВОЕ питание для взрослых собак с нормальным уровнем активности, с мясом лося".
Обработка продукта "CIBAU Puppy Maxi корм для щенков крупных пород".
Обработка продукта "ALPHAPET SUPERPREMIUM сухой корм для щенков до 6 месяцев, беременных и кормящих собак крупных пород с говядиной и рубцом".
Обработка продукта "ALPHAPET WOW SUPERPREMIUM сухой корм для взрослых собак средних пород с говядиной и сердцем".
Обработка продукта "CIBAU Adult Medium корм для собак средних пород с Курицей".
Обработка продукта "Hill`s Science Plan Puppy Small & Miniature сухой корм для щенков мелких и миниатюрных пород курица".
Обработка продукта "ALPHAPET WOW SUPERPREMIUM сухой корм для взрослых собак средних пород с чувствительным пищеварением с ягненком и бурым рисом".
Обработка продукта "BLITZ Holistic сухой корм для собак беззерновой Ягненок и Лосось".
Обработка продукта "Blitz Holistic сухой корм для собак беззерновой Ягненок и Утка".
Обработка продукта "Morando Professional Cane Сухой корм для взрослых собак с повышенной массой тела PRO LINE с курицей".
Обработка продукта "ZILLII Adult Dog Large Breed Сухой корм для взрослых собак крупных пород Индейка с Ягнёнком".
Обработка продукта "NUTRO Корм сухой для взрослых собак с чувствительным пищеварением с Лососем и экстрактом Розмарина".
Обработка продукта "NUTRO Корм сухой для взрослых собак с чувствительным пищеварением с Ягненком и экстрактом Розмарина".
Обработка продукта "Dog`s Menu Adult HOME 18/8 сухой корм для домашних собак".
